<?xml version="1.0" encoding="UTF-8"?>
<!-- Generated by org.testng.reporters.JUnitXMLReporter -->
<testsuite hostname="DESKTOP-B4HNNLL" ignored="0" name="Test" tests="4" failures="0" timestamp="2021-12-11T12:53:29 IST" time="65.724" errors="0">
  <testcase name="verifyHomePageTitle" time="0.013" classname="com.medpay.qa.testcases.HomePageTest"/>
  <testcase name="verify_DashBoardPageTitle" time="0.008" classname="com.medpay.qa.testcases.DashboardPageTest"/>
  <testcase name="verify_pharmacyOrderLabel" time="1.612" classname="com.medpay.qa.testcases.DashboardPageTest"/>
  <testcase name="verify_closenotificationmessage" time="45.82" classname="com.medpay.qa.testcases.DashboardPageTest"/>
</testsuite> <!-- Test -->
