<?xml version="1.0" encoding="UTF-8"?>
<testng-results skipped="0" failed="0" ignored="0" total="4" passed="4">
  <reporter-output>
  </reporter-output>
  <suite name="Suite" duration-ms="65724" started-at="2021-12-11T12:52:24 IST" finished-at="2021-12-11T12:53:29 IST">
    <groups>
    </groups>
    <test name="Test" duration-ms="65724" started-at="2021-12-11T12:52:24 IST" finished-at="2021-12-11T12:53:29 IST">
      <class name="com.medpay.qa.testcases.HomePageTest">
        <test-method status="PASS" signature="setup()[pri:0, instance:com.medpay.qa.testcases.HomePageTest@23d2a7e8]" name="setup" is-config="true" duration-ms="6646" started-at="2021-12-11T12:52:24 IST" finished-at="2021-12-11T12:52:30 IST">
          <reporter-output>
          </reporter-output>
        </test-method> <!-- setup -->
        <test-method status="PASS" signature="verifyHomePageTitle()[pri:1, instance:com.medpay.qa.testcases.HomePageTest@23d2a7e8]" name="verifyHomePageTitle" duration-ms="13" started-at="2021-12-11T12:52:30 IST" finished-at="2021-12-11T12:52:30 IST">
          <reporter-output>
          </reporter-output>
        </test-method> <!-- verifyHomePageTitle -->
        <test-method status="PASS" signature="tearDown()[pri:0, instance:com.medpay.qa.testcases.HomePageTest@23d2a7e8]" name="tearDown" is-config="true" duration-ms="585" started-at="2021-12-11T12:52:30 IST" finished-at="2021-12-11T12:52:31 IST">
          <reporter-output>
          </reporter-output>
        </test-method> <!-- tearDown -->
      </class> <!-- com.medpay.qa.testcases.HomePageTest -->
      <class name="com.medpay.qa.testcases.DashboardPageTest">
        <test-method status="PASS" signature="setup()[pri:0, instance:com.medpay.qa.testcases.DashboardPageTest@491cc5c9]" name="setup" is-config="true" duration-ms="2982" started-at="2021-12-11T12:52:31 IST" finished-at="2021-12-11T12:52:34 IST">
          <reporter-output>
          </reporter-output>
        </test-method> <!-- setup -->
        <test-method status="PASS" signature="verify_DashBoardPageTitle()[pri:1, instance:com.medpay.qa.testcases.DashboardPageTest@491cc5c9]" name="verify_DashBoardPageTitle" duration-ms="8" started-at="2021-12-11T12:52:34 IST" finished-at="2021-12-11T12:52:34 IST">
          <reporter-output>
          </reporter-output>
        </test-method> <!-- verify_DashBoardPageTitle -->
        <test-method status="PASS" signature="tearDown()[pri:0, instance:com.medpay.qa.testcases.DashboardPageTest@491cc5c9]" name="tearDown" is-config="true" duration-ms="557" started-at="2021-12-11T12:52:34 IST" finished-at="2021-12-11T12:52:35 IST">
          <reporter-output>
          </reporter-output>
        </test-method> <!-- tearDown -->
        <test-method status="PASS" signature="setup()[pri:0, instance:com.medpay.qa.testcases.DashboardPageTest@491cc5c9]" name="setup" is-config="true" duration-ms="3099" started-at="2021-12-11T12:52:35 IST" finished-at="2021-12-11T12:52:38 IST">
          <reporter-output>
          </reporter-output>
        </test-method> <!-- setup -->
        <test-method status="PASS" signature="verify_pharmacyOrderLabel()[pri:2, instance:com.medpay.qa.testcases.DashboardPageTest@491cc5c9]" name="verify_pharmacyOrderLabel" duration-ms="1612" started-at="2021-12-11T12:52:38 IST" finished-at="2021-12-11T12:52:39 IST">
          <reporter-output>
          </reporter-output>
        </test-method> <!-- verify_pharmacyOrderLabel -->
        <test-method status="PASS" signature="tearDown()[pri:0, instance:com.medpay.qa.testcases.DashboardPageTest@491cc5c9]" name="tearDown" is-config="true" duration-ms="562" started-at="2021-12-11T12:52:39 IST" finished-at="2021-12-11T12:52:40 IST">
          <reporter-output>
          </reporter-output>
        </test-method> <!-- tearDown -->
        <test-method status="PASS" signature="setup()[pri:0, instance:com.medpay.qa.testcases.DashboardPageTest@491cc5c9]" name="setup" is-config="true" duration-ms="3225" started-at="2021-12-11T12:52:40 IST" finished-at="2021-12-11T12:52:43 IST">
          <reporter-output>
          </reporter-output>
        </test-method> <!-- setup -->
        <test-method status="PASS" signature="verify_closenotificationmessage()[pri:3, instance:com.medpay.qa.testcases.DashboardPageTest@491cc5c9]" name="verify_closenotificationmessage" duration-ms="45820" started-at="2021-12-11T12:52:43 IST" finished-at="2021-12-11T12:53:29 IST">
          <reporter-output>
          </reporter-output>
        </test-method> <!-- verify_closenotificationmessage -->
        <test-method status="PASS" signature="tearDown()[pri:0, instance:com.medpay.qa.testcases.DashboardPageTest@491cc5c9]" name="tearDown" is-config="true" duration-ms="578" started-at="2021-12-11T12:53:29 IST" finished-at="2021-12-11T12:53:29 IST">
          <reporter-output>
          </reporter-output>
        </test-method> <!-- tearDown -->
      </class> <!-- com.medpay.qa.testcases.DashboardPageTest -->
    </test> <!-- Test -->
  </suite> <!-- Suite -->
</testng-results>
